<?xml version="1.0" encoding="UTF-8"?>
<testng-results ignored="0" total="7" passed="7" failed="0" skipped="0">
  <reporter-output>
  </reporter-output>
  <suite started-at="2019-08-01T06:27:07Z" name="Default suite" finished-at="2019-08-01T06:27:30Z" duration-ms="22888">
    <groups>
    </groups>
    <test started-at="2019-08-01T06:27:07Z" name="Default test" finished-at="2019-08-01T06:27:30Z" duration-ms="22888">
      <class name="tests.SampleTest">
        <test-method is-config="true" signature="setup()[pri:0, instance:tests.SampleTest@2df3b89c]" started-at="2019-08-01T06:27:07Z" name="setup" finished-at="2019-08-01T06:27:11Z" duration-ms="3718" status="PASS">
          <reporter-output>
          </reporter-output>
        </test-method> <!-- setup -->
        <test-method signature="LogOut()[pri:0, instance:tests.SampleTest@2df3b89c]" started-at="2019-08-01T06:27:11Z" name="LogOut" description="Log out" finished-at="2019-08-01T06:27:14Z" duration-ms="2741" status="PASS">
          <reporter-output>
          </reporter-output>
        </test-method> <!-- LogOut -->
        <test-method signature="LoginBlank()[pri:0, instance:tests.SampleTest@2df3b89c]" started-at="2019-08-01T06:27:14Z" name="LoginBlank" description="Test login blank username and password" finished-at="2019-08-01T06:27:17Z" duration-ms="3470" status="PASS">
          <reporter-output>
          </reporter-output>
        </test-method> <!-- LoginBlank -->
        <test-method signature="LoginCorrect()[pri:0, instance:tests.SampleTest@2df3b89c]" started-at="2019-08-01T06:27:17Z" name="LoginCorrect" description="Test login correct username and password" finished-at="2019-08-01T06:27:18Z" duration-ms="806" status="PASS">
          <reporter-output>
          </reporter-output>
        </test-method> <!-- LoginCorrect -->
        <test-method signature="LoginIncorrectPassword()[pri:0, instance:tests.SampleTest@2df3b89c]" started-at="2019-08-01T06:27:18Z" name="LoginIncorrectPassword" description="Test login correct username but incorrect password" finished-at="2019-08-01T06:27:21Z" duration-ms="3510" status="PASS">
          <reporter-output>
          </reporter-output>
        </test-method> <!-- LoginIncorrectPassword -->
        <test-method signature="LoginIncorrectUsername()[pri:0, instance:tests.SampleTest@2df3b89c]" started-at="2019-08-01T06:27:21Z" name="LoginIncorrectUsername" description="Test login incorrect username but correct password" finished-at="2019-08-01T06:27:25Z" duration-ms="3498" status="PASS">
          <reporter-output>
          </reporter-output>
        </test-method> <!-- LoginIncorrectUsername -->
        <test-method signature="LoginIncorrectUsernamePassword()[pri:0, instance:tests.SampleTest@2df3b89c]" started-at="2019-08-01T06:27:25Z" name="LoginIncorrectUsernamePassword" description="Test login incorrect username and password" finished-at="2019-08-01T06:27:28Z" duration-ms="3488" status="PASS">
          <reporter-output>
          </reporter-output>
        </test-method> <!-- LoginIncorrectUsernamePassword -->
        <test-method signature="ViewRecord()[pri:0, instance:tests.SampleTest@2df3b89c]" started-at="2019-08-01T06:27:28Z" name="ViewRecord" description="Click first record" finished-at="2019-08-01T06:27:30Z" duration-ms="1575" status="PASS">
          <reporter-output>
          </reporter-output>
        </test-method> <!-- ViewRecord -->
        <test-method is-config="true" signature="tearDown()[pri:0, instance:tests.SampleTest@2df3b89c]" started-at="2019-08-01T06:27:30Z" name="tearDown" finished-at="2019-08-01T06:27:30Z" duration-ms="61" status="PASS">
          <reporter-output>
          </reporter-output>
        </test-method> <!-- tearDown -->
      </class> <!-- tests.SampleTest -->
    </test> <!-- Default test -->
  </suite> <!-- Default suite -->
</testng-results>
