<?xml version="1.0" encoding="UTF-8"?>
<!-- Generated by org.testng.reporters.JUnitXMLReporter -->
<testsuite ignored="0" hostname="WKSL-477" failures="0" tests="7" name="Default test" time="22.888" errors="0" timestamp="01 Aug 2019 06:27:30 GMT">
  <testcase classname="tests.SampleTest" name="LogOut" time="2.741"/>
  <testcase classname="tests.SampleTest" name="LoginBlank" time="3.47"/>
  <testcase classname="tests.SampleTest" name="LoginCorrect" time="0.806"/>
  <testcase classname="tests.SampleTest" name="LoginIncorrectPassword" time="3.51"/>
  <testcase classname="tests.SampleTest" name="LoginIncorrectUsername" time="3.498"/>
  <testcase classname="tests.SampleTest" name="LoginIncorrectUsernamePassword" time="3.488"/>
  <testcase classname="tests.SampleTest" name="ViewRecord" time="1.575"/>
</testsuite> <!-- Default test -->
